[2021-12-16T22:19:03.118] [INFO] access -  Uri Hit :GET    /assets/images/jcr_content.jpeg
[2021-12-16T22:20:58.332] [INFO] startup - Server is Runnning on http://127.0.0.1:3030
[2021-12-16T22:20:58.333] [INFO] startup - -----------------------------------------------------
[2021-12-16T22:21:10.471] [INFO] startup - Server is Runnning on http://127.0.0.1:3030
[2021-12-16T22:21:10.472] [INFO] startup - -----------------------------------------------------
[2021-12-16T22:21:12.817] [INFO] access -  Uri Hit :GET    /register
[2021-12-16T22:21:12.824] [INFO] access -  Uri Hit :GET    /register/
[2021-12-16T22:21:12.847] [INFO] access -  Uri Hit :GET    /assets/bootstrap-4.1.3-dist/css/bootstrap.css
[2021-12-16T22:21:12.853] [INFO] access -  Uri Hit :GET    /assets/jquery-3.3.1.slim.min.js
[2021-12-16T22:21:12.857] [INFO] access -  Uri Hit :GET    /assets/bootstrap-4.1.3-dist/js/bootstrap.js
[2021-12-16T22:21:12.865] [INFO] access -  Uri Hit :GET    /runtime.js
[2021-12-16T22:21:12.866] [INFO] access -  Uri Hit :GET    /polyfills.js
[2021-12-16T22:21:12.881] [INFO] access -  Uri Hit :GET    /styles.js
[2021-12-16T22:21:12.882] [INFO] access -  Uri Hit :GET    /vendor.js
[2021-12-16T22:21:12.885] [INFO] access -  Uri Hit :GET    /main.js
[2021-12-16T22:21:12.943] [INFO] access -  Uri Hit :GET    /assets/bootstrap-4.1.3-dist/js/bootstrap.js.map
[2021-12-16T22:21:12.959] [INFO] access -  Uri Hit :GET    /assets/bootstrap-4.1.3-dist/css/bootstrap.css.map
[2021-12-16T22:21:12.960] [INFO] access -  Uri Hit :GET    /runtime.js.map
[2021-12-16T22:21:12.967] [INFO] access -  Uri Hit :GET    /polyfills.js.map
[2021-12-16T22:21:13.008] [INFO] access -  Uri Hit :GET    /styles.js.map
[2021-12-16T22:21:13.119] [INFO] access -  Uri Hit :GET    /vendor.js.map
[2021-12-16T22:21:13.424] [INFO] access -  Uri Hit :GET    /main.js.map
[2021-12-16T22:21:15.672] [INFO] access -  Uri Hit :GET    /assets/images/ausctr-omni-austin-hotel-downtown-evening-pool.jpg
[2021-12-16T22:21:15.674] [INFO] access -  Uri Hit :GET    /assets/images/ginger-ahmedabad-drive-in-road-hotel-th-1.jpg
[2021-12-16T22:21:15.676] [INFO] access -  Uri Hit :GET    /assets/images/jcr_content.jpeg
[2021-12-16T22:26:03.001] [INFO] startup - Server is Runnning on http://127.0.0.1:3030
[2021-12-16T22:26:03.002] [INFO] startup - -----------------------------------------------------
[2021-12-16T22:26:15.614] [INFO] startup - Server is Runnning on http://127.0.0.1:3030
[2021-12-16T22:26:15.615] [INFO] startup - -----------------------------------------------------
[2021-12-16T22:26:20.695] [INFO] access -  Uri Hit :GET    /home
[2021-12-16T22:26:20.702] [INFO] access -  Uri Hit :GET    /home/
[2021-12-16T22:26:20.759] [INFO] access -  Uri Hit :GET    /assets/bootstrap-4.1.3-dist/css/bootstrap.css
[2021-12-16T22:26:20.760] [INFO] access -  Uri Hit :GET    /assets/jquery-3.3.1.slim.min.js
[2021-12-16T22:26:20.768] [INFO] access -  Uri Hit :GET    /assets/bootstrap-4.1.3-dist/js/bootstrap.js
[2021-12-16T22:26:20.770] [INFO] access -  Uri Hit :GET    /runtime.js
[2021-12-16T22:26:20.772] [INFO] access -  Uri Hit :GET    /polyfills.js
[2021-12-16T22:26:20.798] [INFO] access -  Uri Hit :GET    /styles.js
[2021-12-16T22:26:20.799] [INFO] access -  Uri Hit :GET    /vendor.js
[2021-12-16T22:26:20.803] [INFO] access -  Uri Hit :GET    /main.js
[2021-12-16T22:26:20.847] [INFO] access -  Uri Hit :GET    /assets/bootstrap-4.1.3-dist/css/bootstrap.css.map
[2021-12-16T22:26:20.858] [INFO] access -  Uri Hit :GET    /assets/bootstrap-4.1.3-dist/js/bootstrap.js.map
[2021-12-16T22:26:20.862] [INFO] access -  Uri Hit :GET    /runtime.js.map
[2021-12-16T22:26:20.927] [INFO] access -  Uri Hit :GET    /polyfills.js.map
[2021-12-16T22:26:21.406] [INFO] access -  Uri Hit :GET    /styles.js.map
[2021-12-16T22:26:21.406] [INFO] access -  Uri Hit :GET    /vendor.js.map
[2021-12-16T22:26:21.407] [INFO] access -  Uri Hit :GET    /main.js.map
[2021-12-16T22:26:31.256] [INFO] access -  Uri Hit :GET    /assets/images/ausctr-omni-austin-hotel-downtown-evening-pool.jpg
[2021-12-16T22:26:31.257] [INFO] access -  Uri Hit :GET    /assets/images/ginger-ahmedabad-drive-in-road-hotel-th-1.jpg
[2021-12-16T22:26:31.258] [INFO] access -  Uri Hit :GET    /assets/images/jcr_content.jpeg
[2021-12-16T22:28:39.590] [INFO] startup - Server is Runnning on http://127.0.0.1:3030
[2021-12-16T22:28:39.590] [INFO] startup - -----------------------------------------------------
[2021-12-16T22:28:57.381] [INFO] startup - Server is Runnning on http://127.0.0.1:3030
[2021-12-16T22:28:57.382] [INFO] startup - -----------------------------------------------------
[2021-12-16T22:29:12.692] [INFO] startup - Server is Runnning on http://127.0.0.1:3030
[2021-12-16T22:29:12.693] [INFO] startup - -----------------------------------------------------
